Removed Pin From Net: NetName=+5 Pin=C18-1
Removed Pin From Net: NetName=+5 Pin=L4-2
Removed Pin From Net: NetName=+5 Pin=R30-1
Added Component: Designator=KF1(Con 2 KF301 5.08)
Add component (AddParameter): Name = "Chung_Loai"; Value = "C?m"; VariantName = "[No Variations]"
Add component (AddParameter): Name = "Don_Vi"; Value = "Con"; VariantName = "[No Variations]"
Add component (AddParameter): Name = "Ghi_Chu"; Value = ""; VariantName = "[No Variations]"
Add component (AddParameter): Name = "Kieu_Chan"; Value = ""; VariantName = "[No Variations]"
Add component (AddParameter): Name = "Ma_Hang"; Value = "MH000987"; VariantName = "[No Variations]"
Add component (AddParameter): Name = "Ten_Linh_Kien"; Value = "CON 2 KF301-2P 5.08MM Xanh Duong"; VariantName = "[No Variations]"
Added Component: Designator=R34(R1206)
Add component (AddParameter): Name = "ComponentLink1Description"; Value = "Link product"; VariantName = "[No Variations]"
Add component (AddParameter): Name = "ComponentLink1URL"; Value = ""; VariantName = "[No Variations]"
Add component (AddParameter): Name = "Cost"; Value = "116"; VariantName = "[No Variations]"
Add component (AddParameter): Name = "Manufacturer"; Value = "OEM"; VariantName = "[No Variations]"
Add component (AddParameter): Name = "Package"; Value = "1206"; VariantName = "[No Variations]"
Add component (AddParameter): Name = "Part number"; Value = "R1206"; VariantName = "[No Variations]"
Added Pin To Net: NetName=GND Pin=KF1-2
Added Pin To Net: NetName=+5 Pin=R34-2
Added Pin To Net: NetName=VOUT_5V Pin=C18-1
Added Pin To Net: NetName=VOUT_5V Pin=KF1-1
Added Pin To Net: NetName=VOUT_5V Pin=L4-2
Added Pin To Net: NetName=VOUT_5V Pin=R30-1
Added Pin To Net: NetName=VOUT_5V Pin=R34-1
Added Net: Name=VOUT_5V
Added Member To Class: ClassName=[1]_Power Member=Component KF1 CON 2 KF301
Added Member To Class: ClassName=[1]_Power Member=Component R34 0K
